<?xml version="1.0" encoding="UTF-8"?>
<!-- Generated by org.testng.reporters.JUnitReportReporter -->
<testsuite hostname="DESKTOP-JPKUM1G" failures="0" tests="2" name="org.swatikagalkaracademy.DemoTest" time="18.807" errors="0" timestamp="2022-06-13T19:53:50 IST" skipped="0">
  <testcase classname="org.swatikagalkaracademy.DemoTest" name="flightTest" time="6.524"/>
  <system-out/>
  <testcase classname="org.swatikagalkaracademy.DemoTest" name="flightTest" time="12.283"/>
  <system-out/>
</testsuite> <!-- org.swatikagalkaracademy.DemoTest -->
